<?xml version="1.0" encoding="UTF-8"?>
<!-- Generated by org.testng.reporters.JUnitReportReporter -->
<testsuite hostname="kkkkkkkk" failures="0" tests="10" name="styleMateRunners.Runner" time="84.482" errors="0" timestamp="2025-07-18T19:35:05 IST" skipped="0">
  <testcase classname="styleMateRunners.Runner" name="runScenario" time="7.502"/>
  <testcase classname="styleMateRunners.Runner" name="runScenario" time="7.426"/>
  <testcase classname="styleMateRunners.Runner" name="runScenario" time="11.973"/>
  <testcase classname="styleMateRunners.Runner" name="runScenario" time="16.903"/>
  <testcase classname="styleMateRunners.Runner" name="runScenario" time="4.707"/>
  <testcase classname="styleMateRunners.Runner" name="runScenario" time="11.612"/>
  <testcase classname="styleMateRunners.Runner" name="runScenario" time="4.015"/>
  <testcase classname="styleMateRunners.Runner" name="runScenario" time="9.218"/>
  <testcase classname="styleMateRunners.Runner" name="runScenario" time="3.618"/>
  <testcase classname="styleMateRunners.Runner" name="runScenario" time="7.508"/>
</testsuite> <!-- styleMateRunners.Runner -->
